[debug] [2021-01-30T23:07:47.838Z] ----------------------------------------------------------------------
[debug] [2021-01-30T23:07:47.840Z] Command:       /Users/henryunite/.nvm/versions/node/v14.15.1/bin/node /usr/local/bin/firebase deploy
[debug] [2021-01-30T23:07:47.840Z] CLI Version:   9.2.2
[debug] [2021-01-30T23:07:47.840Z] Platform:      darwin
[debug] [2021-01-30T23:07:47.840Z] Node Version:  v14.15.1
[debug] [2021-01-30T23:07:47.845Z] Time:          Sat Jan 30 2021 18:07:47 GMT-0500 (Eastern Standard Time)
[debug] [2021-01-30T23:07:47.845Z] ----------------------------------------------------------------------
[debug] [2021-01-30T23:07:47.845Z] 
[debug] [2021-01-30T23:07:47.852Z] > command requires scopes: ["email","openid","https://www.googleapis.com/auth/cloudplatformprojects.readonly","https://www.googleapis.com/auth/firebase","https://www.googleapis.com/auth/cloud-platform"]
[debug] [2021-01-30T23:07:47.852Z] > authorizing via signed-in user
[debug] [2021-01-30T23:07:47.852Z] [iam] checking project to-the-moon-8383a for permissions ["cloudfunctions.functions.create","cloudfunctions.functions.delete","cloudfunctions.functions.get","cloudfunctions.functions.list","cloudfunctions.functions.update","cloudfunctions.operations.get","firebase.projects.get","firebasedatabase.instances.update","firebasehosting.sites.update"]
[debug] [2021-01-30T23:07:47.855Z] >>> HTTP REQUEST POST https://cloudresourcemanager.googleapis.com/v1/projects/to-the-moon-8383a:testIamPermissions  
 {"permissions":["cloudfunctions.functions.create","cloudfunctions.functions.delete","cloudfunctions.functions.get","cloudfunctions.functions.list","cloudfunctions.functions.update","cloudfunctions.operations.get","firebase.projects.get","firebasedatabase.instances.update","firebasehosting.sites.update"]}
[debug] [2021-01-30T23:07:48.077Z] <<< HTTP RESPONSE 200 {"content-type":"application/json; charset=UTF-8","vary":"X-Origin, Referer, Origin,Accept-Encoding","date":"Sat, 30 Jan 2021 23:07:48 GMT","server":"ESF","cache-control":"private","x-xss-protection":"0","x-frame-options":"SAMEORIGIN","x-content-type-options":"nosniff","server-timing":"gfet4t7; dur=132","alt-svc":"h3-29=\":443\"; ma=2592000,h3-T051=\":443\"; ma=2592000,h3-Q050=\":443\"; ma=2592000,h3-Q046=\":443\"; ma=2592000,h3-Q043=\":443\"; ma=2592000,quic=\":443\"; ma=2592000; v=\"46,43\"","accept-ranges":"none","transfer-encoding":"chunked"}
[debug] [2021-01-30T23:07:48.079Z] >>> HTTP REQUEST POST https://iam.googleapis.com/v1/projects/to-the-moon-8383a/serviceAccounts/to-the-moon-8383a@appspot.gserviceaccount.com:testIamPermissions  
 {"permissions":["iam.serviceAccounts.actAs"]}
[debug] [2021-01-30T23:07:48.260Z] <<< HTTP RESPONSE 200 {"content-type":"application/json; charset=UTF-8","vary":"X-Origin, Referer, Origin,Accept-Encoding","date":"Sat, 30 Jan 2021 23:07:48 GMT","server":"ESF","cache-control":"private","x-xss-protection":"0","x-frame-options":"SAMEORIGIN","x-content-type-options":"nosniff","alt-svc":"h3-29=\":443\"; ma=2592000,h3-T051=\":443\"; ma=2592000,h3-Q050=\":443\"; ma=2592000,h3-Q046=\":443\"; ma=2592000,h3-Q043=\":443\"; ma=2592000,quic=\":443\"; ma=2592000; v=\"46,43\"","accept-ranges":"none","transfer-encoding":"chunked"}
[debug] [2021-01-30T23:07:48.262Z] > refreshing access token with scopes: []
[debug] [2021-01-30T23:07:48.263Z] >>> HTTP REQUEST POST https://www.googleapis.com/oauth2/v3/token  
 <request body omitted>
[debug] [2021-01-30T23:07:48.365Z] <<< HTTP RESPONSE 200 {"pragma":"no-cache","cache-control":"no-cache, no-store, max-age=0, must-revalidate","date":"Sat, 30 Jan 2021 23:07:48 GMT","expires":"Mon, 01 Jan 1990 00:00:00 GMT","content-type":"application/json; charset=utf-8","vary":"X-Origin, Referer, Origin,Accept-Encoding","server":"scaffolding on HTTPServer2","x-xss-protection":"0","x-frame-options":"SAMEORIGIN","x-content-type-options":"nosniff","alt-svc":"h3-29=\":443\"; ma=2592000,h3-T051=\":443\"; ma=2592000,h3-Q050=\":443\"; ma=2592000,h3-Q046=\":443\"; ma=2592000,h3-Q043=\":443\"; ma=2592000,quic=\":443\"; ma=2592000; v=\"46,43\"","accept-ranges":"none","transfer-encoding":"chunked"}
[debug] [2021-01-30T23:07:48.398Z] >>> [apiv2][query] GET https://firebase.googleapis.com/v1beta1/projects/to-the-moon-8383a [none]
[debug] [2021-01-30T23:07:48.599Z] <<< [apiv2][status] GET https://firebase.googleapis.com/v1beta1/projects/to-the-moon-8383a 200
[debug] [2021-01-30T23:07:48.599Z] <<< [apiv2][body] GET https://firebase.googleapis.com/v1beta1/projects/to-the-moon-8383a {"projectId":"to-the-moon-8383a","projectNumber":"418442269747","displayName":"to-the-moon","name":"projects/to-the-moon-8383a","resources":{"hostingSite":"to-the-moon-8383a","realtimeDatabaseInstance":"to-the-moon-8383a-default-rtdb"},"state":"ACTIVE"}
[debug] [2021-01-30T23:07:48.600Z] >>> [apiv2][query] GET https://firebase.googleapis.com/v1beta1/projects/to-the-moon-8383a [none]
[debug] [2021-01-30T23:07:48.780Z] <<< [apiv2][status] GET https://firebase.googleapis.com/v1beta1/projects/to-the-moon-8383a 200
[debug] [2021-01-30T23:07:48.781Z] <<< [apiv2][body] GET https://firebase.googleapis.com/v1beta1/projects/to-the-moon-8383a {"projectId":"to-the-moon-8383a","projectNumber":"418442269747","displayName":"to-the-moon","name":"projects/to-the-moon-8383a","resources":{"hostingSite":"to-the-moon-8383a","realtimeDatabaseInstance":"to-the-moon-8383a-default-rtdb"},"state":"ACTIVE"}
[info] 
[info] === Deploying to 'to-the-moon-8383a'...
[info] 
[info] i  deploying database, functions, hosting 
[info] i  database: checking rules syntax... 
[debug] [2021-01-30T23:07:50.784Z] > refreshing access token with scopes: ["email","https://www.googleapis.com/auth/cloud-platform","https://www.googleapis.com/auth/cloudplatformprojects.readonly","https://www.googleapis.com/auth/firebase","openid"]
[debug] [2021-01-30T23:07:50.784Z] >>> HTTP REQUEST POST https://www.googleapis.com/oauth2/v3/token  
 <request body omitted>
[debug] [2021-01-30T23:07:51.056Z] <<< HTTP RESPONSE 200 {"pragma":"no-cache","date":"Sat, 30 Jan 2021 23:07:51 GMT","expires":"Mon, 01 Jan 1990 00:00:00 GMT","cache-control":"no-cache, no-store, max-age=0, must-revalidate","content-type":"application/json; charset=utf-8","vary":"X-Origin, Referer, Origin,Accept-Encoding","server":"scaffolding on HTTPServer2","x-xss-protection":"0","x-frame-options":"SAMEORIGIN","x-content-type-options":"nosniff","alt-svc":"h3-29=\":443\"; ma=2592000,h3-T051=\":443\"; ma=2592000,h3-Q050=\":443\"; ma=2592000,h3-Q046=\":443\"; ma=2592000,h3-Q043=\":443\"; ma=2592000,quic=\":443\"; ma=2592000; v=\"46,43\"","accept-ranges":"none","transfer-encoding":"chunked"}
[debug] [2021-01-30T23:07:51.083Z] >>> HTTP REQUEST GET https://firebasedatabase.googleapis.com/v1beta/projects/to-the-moon-8383a/locations/-/instances/to-the-moon-8383a-default-rtdb  
 
[debug] [2021-01-30T23:07:51.436Z] <<< HTTP RESPONSE 200 {"content-type":"application/json; charset=UTF-8","vary":"X-Origin, Referer, Origin,Accept-Encoding","date":"Sat, 30 Jan 2021 23:07:51 GMT","server":"ESF","cache-control":"private","x-xss-protection":"0","x-frame-options":"SAMEORIGIN","x-content-type-options":"nosniff","alt-svc":"h3-29=\":443\"; ma=2592000,h3-T051=\":443\"; ma=2592000,h3-Q050=\":443\"; ma=2592000,h3-Q046=\":443\"; ma=2592000,h3-Q043=\":443\"; ma=2592000,quic=\":443\"; ma=2592000; v=\"46,43\"","accept-ranges":"none","transfer-encoding":"chunked"}
[debug] [2021-01-30T23:07:51.439Z] >>> HTTP REQUEST PUT https://to-the-moon-8383a-default-rtdb.firebaseio.com/.settings/rules.json?dryRun=true  
 {
  "rules": {
    ".read": false,
    ".write": false,
    "bets": {
      ".indexOn": "scrape"
    }
  }
}

[debug] [2021-01-30T23:07:51.650Z] <<< HTTP RESPONSE 200 {"server":"nginx","date":"Sat, 30 Jan 2021 23:07:51 GMT","content-type":"application/json; charset=utf-8","content-length":"15","connection":"keep-alive","access-control-allow-origin":"*","cache-control":"no-cache","strict-transport-security":"max-age=31556926; includeSubDomains; preload"}
[info] ✔  database: rules syntax for database to-the-moon-8383a-default-rtdb is valid 
[debug] [2021-01-30T23:07:51.653Z] > [functions] package.json contents: {
  "name": "functions",
  "description": "Cloud Functions for Firebase",
  "scripts": {
    "serve": "firebase emulators:start --only functions",
    "shell": "firebase functions:shell",
    "start": "npm run shell",
    "deploy": "firebase deploy --only functions",
    "logs": "firebase functions:log"
  },
  "engines": {
    "node": "12"
  },
  "main": "index.js",
  "dependencies": {
    "firebase-admin": "^9.2.0",
    "firebase-functions": "^3.11.0",
    "wsb-scraper": "file:./wsb-scraper"
  },
  "devDependencies": {
    "firebase-functions-test": "^0.2.0"
  },
  "private": true
}
[info] i  functions: ensuring required API cloudfunctions.googleapis.com is enabled... 
[info] i  functions: ensuring required API cloudbuild.googleapis.com is enabled... 
[debug] [2021-01-30T23:07:52.617Z] >>> HTTP REQUEST GET https://serviceusage.googleapis.com/v1/projects/to-the-moon-8383a/services/cloudfunctions.googleapis.com  
 
[debug] [2021-01-30T23:07:52.617Z] >>> HTTP REQUEST GET https://serviceusage.googleapis.com/v1/projects/to-the-moon-8383a/services/runtimeconfig.googleapis.com  
 
[debug] [2021-01-30T23:07:52.617Z] >>> HTTP REQUEST GET https://serviceusage.googleapis.com/v1/projects/to-the-moon-8383a/services/cloudbuild.googleapis.com  
 
[debug] [2021-01-30T23:07:52.989Z] <<< HTTP RESPONSE 200 {"content-type":"application/json; charset=UTF-8","vary":"X-Origin, Referer, Origin,Accept-Encoding","date":"Sat, 30 Jan 2021 23:07:52 GMT","server":"ESF","cache-control":"private","x-xss-protection":"0","x-frame-options":"SAMEORIGIN","x-content-type-options":"nosniff","alt-svc":"h3-29=\":443\"; ma=2592000,h3-T051=\":443\"; ma=2592000,h3-Q050=\":443\"; ma=2592000,h3-Q046=\":443\"; ma=2592000,h3-Q043=\":443\"; ma=2592000,quic=\":443\"; ma=2592000; v=\"46,43\"","accept-ranges":"none","transfer-encoding":"chunked"}
[info] ✔  functions: required API cloudbuild.googleapis.com is enabled 
[debug] [2021-01-30T23:07:53.023Z] <<< HTTP RESPONSE 200 {"content-type":"application/json; charset=UTF-8","vary":"X-Origin, Referer, Origin,Accept-Encoding","date":"Sat, 30 Jan 2021 23:07:52 GMT","server":"ESF","cache-control":"private","x-xss-protection":"0","x-frame-options":"SAMEORIGIN","x-content-type-options":"nosniff","alt-svc":"h3-29=\":443\"; ma=2592000,h3-T051=\":443\"; ma=2592000,h3-Q050=\":443\"; ma=2592000,h3-Q046=\":443\"; ma=2592000,h3-Q043=\":443\"; ma=2592000,quic=\":443\"; ma=2592000; v=\"46,43\"","accept-ranges":"none","transfer-encoding":"chunked"}
[debug] [2021-01-30T23:07:53.046Z] <<< HTTP RESPONSE 200 {"content-type":"application/json; charset=UTF-8","vary":"X-Origin, Referer, Origin,Accept-Encoding","date":"Sat, 30 Jan 2021 23:07:53 GMT","server":"ESF","cache-control":"private","x-xss-protection":"0","x-frame-options":"SAMEORIGIN","x-content-type-options":"nosniff","alt-svc":"h3-29=\":443\"; ma=2592000,h3-T051=\":443\"; ma=2592000,h3-Q050=\":443\"; ma=2592000,h3-Q046=\":443\"; ma=2592000,h3-Q043=\":443\"; ma=2592000,quic=\":443\"; ma=2592000; v=\"46,43\"","accept-ranges":"none","transfer-encoding":"chunked"}
[info] ✔  functions: required API cloudfunctions.googleapis.com is enabled 
[debug] [2021-01-30T23:07:53.047Z] >>> HTTP REQUEST GET https://firebase.googleapis.com/v1beta1/projects/to-the-moon-8383a/adminSdkConfig  
 
[debug] [2021-01-30T23:07:53.268Z] <<< HTTP RESPONSE 200 {"content-type":"application/json; charset=UTF-8","vary":"X-Origin, Referer, Origin,Accept-Encoding","date":"Sat, 30 Jan 2021 23:07:53 GMT","server":"ESF","cache-control":"private","x-xss-protection":"0","x-frame-options":"SAMEORIGIN","x-content-type-options":"nosniff","alt-svc":"h3-29=\":443\"; ma=2592000,h3-T051=\":443\"; ma=2592000,h3-Q050=\":443\"; ma=2592000,h3-Q046=\":443\"; ma=2592000,h3-Q043=\":443\"; ma=2592000,quic=\":443\"; ma=2592000; v=\"46,43\"","accept-ranges":"none","transfer-encoding":"chunked"}
[debug] [2021-01-30T23:07:53.273Z] >>> HTTP REQUEST POST https://firebasehosting.googleapis.com/v1beta1/sites/to-the-moon-8383a/versions  
 {"config":{"rewrites":[{"glob":"**","path":"/index.html"}]},"labels":{"deployment-tool":"cli-firebase"}}
[debug] [2021-01-30T23:07:54.037Z] <<< HTTP RESPONSE 200 {"content-type":"application/json; charset=UTF-8","vary":"X-Origin, Referer, Origin,Accept-Encoding","date":"Sat, 30 Jan 2021 23:07:54 GMT","server":"ESF","cache-control":"private","x-xss-protection":"0","x-frame-options":"SAMEORIGIN","x-content-type-options":"nosniff","alt-svc":"h3-29=\":443\"; ma=2592000,h3-T051=\":443\"; ma=2592000,h3-Q050=\":443\"; ma=2592000,h3-Q046=\":443\"; ma=2592000,h3-Q043=\":443\"; ma=2592000,quic=\":443\"; ma=2592000; v=\"46,43\"","accept-ranges":"none","transfer-encoding":"chunked"}
[info] i  functions: preparing functions directory for uploading... 
[debug] [2021-01-30T23:07:54.040Z] >>> HTTP REQUEST GET https://runtimeconfig.googleapis.com/v1beta1/projects/to-the-moon-8383a/configs  
 
[debug] [2021-01-30T23:07:54.142Z] <<< HTTP RESPONSE 200 {"content-type":"application/json; charset=UTF-8","vary":"X-Origin, Referer, Origin,Accept-Encoding","date":"Sat, 30 Jan 2021 23:07:54 GMT","server":"ESF","cache-control":"private","x-xss-protection":"0","x-frame-options":"SAMEORIGIN","x-content-type-options":"nosniff","alt-svc":"h3-29=\":443\"; ma=2592000,h3-T051=\":443\"; ma=2592000,h3-Q050=\":443\"; ma=2592000,h3-Q046=\":443\"; ma=2592000,h3-Q043=\":443\"; ma=2592000,quic=\":443\"; ma=2592000; v=\"46,43\"","accept-ranges":"none","transfer-encoding":"chunked"}
[info] i  functions: packaged functions (52.33 KB) for uploading 
[debug] [2021-01-30T23:07:54.390Z] >>> HTTP REQUEST GET https://cloudfunctions.googleapis.com/v1/projects/to-the-moon-8383a/locations/-/functions  
 
[debug] [2021-01-30T23:07:54.938Z] <<< HTTP RESPONSE 200 {"content-type":"application/json; charset=UTF-8","vary":"X-Origin, Referer, Origin,Accept-Encoding","date":"Sat, 30 Jan 2021 23:07:54 GMT","server":"ESF","cache-control":"private","x-xss-protection":"0","x-frame-options":"SAMEORIGIN","x-content-type-options":"nosniff","alt-svc":"h3-29=\":443\"; ma=2592000,h3-T051=\":443\"; ma=2592000,h3-Q050=\":443\"; ma=2592000,h3-Q046=\":443\"; ma=2592000,h3-Q043=\":443\"; ma=2592000,quic=\":443\"; ma=2592000; v=\"46,43\"","accept-ranges":"none","transfer-encoding":"chunked"}
[debug] [2021-01-30T23:07:54.940Z] >>> HTTP REQUEST POST https://cloudfunctions.googleapis.com/v1/projects/to-the-moon-8383a/locations/us-central1/functions:generateUploadUrl  
 
[debug] [2021-01-30T23:07:55.416Z] <<< HTTP RESPONSE 200 {"content-type":"application/json; charset=UTF-8","vary":"X-Origin, Referer, Origin,Accept-Encoding","date":"Sat, 30 Jan 2021 23:07:55 GMT","server":"ESF","cache-control":"private","x-xss-protection":"0","x-frame-options":"SAMEORIGIN","x-content-type-options":"nosniff","alt-svc":"h3-29=\":443\"; ma=2592000,h3-T051=\":443\"; ma=2592000,h3-Q050=\":443\"; ma=2592000,h3-Q046=\":443\"; ma=2592000,h3-Q043=\":443\"; ma=2592000,quic=\":443\"; ma=2592000; v=\"46,43\"","accept-ranges":"none","transfer-encoding":"chunked"}
[debug] [2021-01-30T23:07:55.417Z] >>> HTTP REQUEST PUT https://storage.googleapis.com/gcf-upload-us-central1-67638f8a-bd22-458d-a0a6-af7548f909de/f9523a85-9b50-427e-9e9f-a9306f8f1341.zip?GoogleAccessId=service-418442269747@gcf-admin-robot.iam.gserviceaccount.com&Expires=1612049875&Signature=Cy3QvhmaAKf12mZWmjwBpw2k2DxndKlk1%2FhsILlMEBw6RirEo%2FjL9kujawQWMq5O4VFKnnJYZ%2FoU5LM5W6s9LAVTJSPNndRGDC%2FYrqReF55Hyuuwu22EYMfRebcyVGlowSgW0EjYZH86vQa8kPL7BhgHEJXeZst6Mjnv4R4nEWYsfmBzxJ9UI7SHtZWfE15stoj0caMe3IovTslMgZvdSPwSyeP55B2ioxwj6C68E7ByOKM5EEyfKXgCKhSwLg4o6TRZy0Ozf7Xmz2CIKTXfpdPk70ehDJPGiwG14XxKM2GKvgWz1pTviGDylbdmV6VLCQbZdf7pNurIvfBx2ySSvg%3D%3D  
 <request body omitted>
[debug] [2021-01-30T23:07:55.630Z] <<< HTTP RESPONSE 200 {"x-guploader-uploadid":"ABg5-UwR7fLC1p-ewkzkL_bSeg7zZSU-Ded8KRBw3qweFHgq5u_SbS4SnLcxlM3spZkIVlLBNoxBP1zqywYhUebe5y0","etag":"\"6fd75efe1a0f07a47794f67ddb8ce778\"","x-goog-generation":"1612048075595692","x-goog-metageneration":"1","x-goog-hash":"crc32c=gbykEA==, md5=b9de/hoPB6R3lPZ924zneA==","x-goog-stored-content-length":"53591","x-goog-stored-content-encoding":"identity","vary":"Origin","content-length":"0","date":"Sat, 30 Jan 2021 23:07:55 GMT","server":"UploadServer","content-type":"text/html; charset=UTF-8","alt-svc":"h3-29=\":443\"; ma=2592000,h3-T051=\":443\"; ma=2592000,h3-Q050=\":443\"; ma=2592000,h3-Q046=\":443\"; ma=2592000,h3-Q043=\":443\"; ma=2592000,quic=\":443\"; ma=2592000; v=\"46,43\""}
[info] ✔  functions: functions folder uploaded successfully 
[info] i  hosting[to-the-moon-8383a]: beginning deploy... 
[info] i  hosting[to-the-moon-8383a]: found 36 files in public 
[debug] [2021-01-30T23:07:55.738Z] > refreshing access token with scopes: []
[debug] [2021-01-30T23:07:55.738Z] >>> HTTP REQUEST POST https://www.googleapis.com/oauth2/v3/token  
 <request body omitted>
[debug] [2021-01-30T23:07:55.739Z] [hosting] hash cache [cHVibGlj] stored for 36 files
[debug] [2021-01-30T23:07:55.739Z] [hosting][hash queue][FINAL] {"max":81,"min":0,"avg":7.944444444444445,"active":0,"complete":36,"success":36,"errored":0,"retried":0,"total":36,"elapsed":87}
[debug] [2021-01-30T23:07:55.819Z] <<< HTTP RESPONSE 200 {"date":"Sat, 30 Jan 2021 23:07:55 GMT","cache-control":"no-cache, no-store, max-age=0, must-revalidate","expires":"Mon, 01 Jan 1990 00:00:00 GMT","pragma":"no-cache","content-type":"application/json; charset=utf-8","vary":"X-Origin, Referer, Origin,Accept-Encoding","server":"scaffolding on HTTPServer2","x-xss-protection":"0","x-frame-options":"SAMEORIGIN","x-content-type-options":"nosniff","alt-svc":"h3-29=\":443\"; ma=2592000,h3-T051=\":443\"; ma=2592000,h3-Q050=\":443\"; ma=2592000,h3-Q046=\":443\"; ma=2592000,h3-Q043=\":443\"; ma=2592000,quic=\":443\"; ma=2592000; v=\"46,43\"","accept-ranges":"none","transfer-encoding":"chunked"}
[debug] [2021-01-30T23:07:55.850Z] >>> [apiv2][query] POST https://firebasehosting.googleapis.com/v1beta1/sites/to-the-moon-8383a/versions/70d13ec81ee9eef4:populateFiles [none]
[debug] [2021-01-30T23:07:55.850Z] >>> [apiv2][body] POST https://firebasehosting.googleapis.com/v1beta1/sites/to-the-moon-8383a/versions/70d13ec81ee9eef4:populateFiles {"files":{"/asset-manifest.json":"c2c6917680e79f35cfebe9062bfecac29a2cd621b8c7a7cb5bbedb8542d99283","/favicon.ico":"eb21e13026e3bf3b91c8cd6c7e046b600e92f0d35d32d354e8c65fe786e6bc1c","/index.html":"3996dbc98af5a8989d075d9e2fc5816396e14387ad6397272b299db88af622d2","/logo192.png":"eb21e13026e3bf3b91c8cd6c7e046b600e92f0d35d32d354e8c65fe786e6bc1c","/logo512.png":"eb21e13026e3bf3b91c8cd6c7e046b600e92f0d35d32d354e8c65fe786e6bc1c","/manifest.json":"341d52628782f8ac9290bbfc43298afccb47b7cbfcee146ae30cf0f46bc30900","/robots.txt":"391d14b3c2f8c9143a27a28c7399585142228d4d1bdbe2c87ac946de411fa9a2","/static/css/2.150d169a.chunk.css":"e6b89950600b360615a024fc2d40b79d2c3e4f5dbb468a09dbc25428ce03faa0","/static/css/2.150d169a.chunk.css.map":"531e7ad7fb2ff5655b8750f163b310d432052eb8fde783190ca84ace9512172e","/static/css/main.6a3afdbb.chunk.css":"9c19f43ff9c2e73aaaa3aad3e0b92c290b341191b800d818659251fcf5f06cdd","/static/css/main.6a3afdbb.chunk.css.map":"8e9f378761c9fe9c3e93be18714baee2f977f797ad744daea902b7cc9e604fe8","/static/js/2.519c55cc.chunk.js":"57822ac587bf0003d04a3750c8d4af2c38bb051ff55a99c5ec08e2508e336188","/static/js/2.519c55cc.chunk.js.LICENSE.txt":"259be99fd8bb519d067fc648b4335bc192981dc69e75ad9d69658aed283b69e1","/static/js/2.519c55cc.chunk.js.map":"7bf3d25accb7965b9e1c7cd8de27cae8f2782621998c02014a19ee26f671d0d7","/static/js/main.be047655.chunk.js":"384d748ccc58bd7281b43c40a7d86cd4fb12245dbf53a5dc191f1f59a51f864e","/static/js/main.be047655.chunk.js.map":"750d71eb416c523353f3e2d6dc4eb7dea9a394c22ce8922b639eaeba2c22362f","/static/js/runtime-main.daf7ca2e.js":"25729f246c4aaaf4d88609fb9b304e06ca80f05f6f179a07a237f6b44881a399","/static/js/runtime-main.daf7ca2e.js.map":"80ad7f106ad4615670bf25c07538be0c0a71d5c3db1b7e3661deab26405d953c","/build/asset-manifest.json":"c2c6917680e79f35cfebe9062bfecac29a2cd621b8c7a7cb5bbedb8542d99283","/build/favicon.ico":"eb21e13026e3bf3b91c8cd6c7e046b600e92f0d35d32d354e8c65fe786e6bc1c","/build/logo192.png":"eb21e13026e3bf3b91c8cd6c7e046b600e92f0d35d32d354e8c65fe786e6bc1c","/build/logo512.png":"eb21e13026e3bf3b91c8cd6c7e046b600e92f0d35d32d354e8c65fe786e6bc1c","/build/robots.txt":"391d14b3c2f8c9143a27a28c7399585142228d4d1bdbe2c87ac946de411fa9a2","/build/index.html":"3996dbc98af5a8989d075d9e2fc5816396e14387ad6397272b299db88af622d2","/build/manifest.json":"341d52628782f8ac9290bbfc43298afccb47b7cbfcee146ae30cf0f46bc30900","/build/static/css/main.6a3afdbb.chunk.css":"9c19f43ff9c2e73aaaa3aad3e0b92c290b341191b800d818659251fcf5f06cdd","/build/static/css/main.6a3afdbb.chunk.css.map":"8e9f378761c9fe9c3e93be18714baee2f977f797ad744daea902b7cc9e604fe8","/build/static/js/2.519c55cc.chunk.js.LICENSE.txt":"259be99fd8bb519d067fc648b4335bc192981dc69e75ad9d69658aed283b69e1","/build/static/js/main.be047655.chunk.js":"384d748ccc58bd7281b43c40a7d86cd4fb12245dbf53a5dc191f1f59a51f864e","/build/static/js/main.be047655.chunk.js.map":"750d71eb416c523353f3e2d6dc4eb7dea9a394c22ce8922b639eaeba2c22362f","/build/static/js/runtime-main.daf7ca2e.js":"25729f246c4aaaf4d88609fb9b304e06ca80f05f6f179a07a237f6b44881a399","/build/static/js/runtime-main.daf7ca2e.js.map":"80ad7f106ad4615670bf25c07538be0c0a71d5c3db1b7e3661deab26405d953c","/build/static/css/2.150d169a.chunk.css":"e6b89950600b360615a024fc2d40b79d2c3e4f5dbb468a09dbc25428ce03faa0","/build/static/js/2.519c55cc.chunk.js":"57822ac587bf0003d04a3750c8d4af2c38bb051ff55a99c5ec08e2508e336188","/build/static/css/2.150d169a.chunk.css.map":"531e7ad7fb2ff5655b8750f163b310d432052eb8fde783190ca84ace9512172e","/build/static/js/2.519c55cc.chunk.js.map":"7bf3d25accb7965b9e1c7cd8de27cae8f2782621998c02014a19ee26f671d0d7"}}
[debug] [2021-01-30T23:07:56.529Z] <<< [apiv2][status] POST https://firebasehosting.googleapis.com/v1beta1/sites/to-the-moon-8383a/versions/70d13ec81ee9eef4:populateFiles 200
[debug] [2021-01-30T23:07:56.529Z] <<< [apiv2][body] POST https://firebasehosting.googleapis.com/v1beta1/sites/to-the-moon-8383a/versions/70d13ec81ee9eef4:populateFiles {"uploadUrl":"https://upload-firebasehosting.googleapis.com/upload/sites/to-the-moon-8383a/versions/70d13ec81ee9eef4/files"}
[debug] [2021-01-30T23:07:56.529Z] [hosting][populate queue][FINAL] {"max":792,"min":792,"avg":792,"active":0,"complete":1,"success":1,"errored":0,"retried":0,"total":1,"elapsed":792}
[debug] [2021-01-30T23:07:56.530Z] [hosting] uploads queued: 0
[debug] [2021-01-30T23:07:56.530Z] [hosting][upload queue][FINAL] {"max":0,"min":9999999999,"avg":0,"active":0,"complete":0,"success":0,"errored":0,"retried":0,"total":0,"elapsed":1612048076530}
[info] ✔  hosting[to-the-moon-8383a]: file upload complete 
[debug] [2021-01-30T23:07:56.531Z] [hosting] deploy completed after 899ms
[info] i  database: releasing rules... 
[debug] [2021-01-30T23:07:56.620Z] > refreshing access token with scopes: ["email","https://www.googleapis.com/auth/cloud-platform","https://www.googleapis.com/auth/cloudplatformprojects.readonly","https://www.googleapis.com/auth/firebase","openid"]
[debug] [2021-01-30T23:07:56.620Z] >>> HTTP REQUEST POST https://www.googleapis.com/oauth2/v3/token  
 <request body omitted>
[debug] [2021-01-30T23:07:56.715Z] <<< HTTP RESPONSE 200 {"date":"Sat, 30 Jan 2021 23:07:56 GMT","pragma":"no-cache","expires":"Mon, 01 Jan 1990 00:00:00 GMT","cache-control":"no-cache, no-store, max-age=0, must-revalidate","content-type":"application/json; charset=utf-8","vary":"X-Origin, Referer, Origin,Accept-Encoding","server":"scaffolding on HTTPServer2","x-xss-protection":"0","x-frame-options":"SAMEORIGIN","x-content-type-options":"nosniff","alt-svc":"h3-29=\":443\"; ma=2592000,h3-T051=\":443\"; ma=2592000,h3-Q050=\":443\"; ma=2592000,h3-Q046=\":443\"; ma=2592000,h3-Q043=\":443\"; ma=2592000,quic=\":443\"; ma=2592000; v=\"46,43\"","accept-ranges":"none","transfer-encoding":"chunked"}
[debug] [2021-01-30T23:07:56.744Z] >>> HTTP REQUEST GET https://firebasedatabase.googleapis.com/v1beta/projects/to-the-moon-8383a/locations/-/instances/to-the-moon-8383a-default-rtdb  
 
[debug] [2021-01-30T23:07:57.054Z] <<< HTTP RESPONSE 200 {"content-type":"application/json; charset=UTF-8","vary":"X-Origin, Referer, Origin,Accept-Encoding","date":"Sat, 30 Jan 2021 23:07:57 GMT","server":"ESF","cache-control":"private","x-xss-protection":"0","x-frame-options":"SAMEORIGIN","x-content-type-options":"nosniff","alt-svc":"h3-29=\":443\"; ma=2592000,h3-T051=\":443\"; ma=2592000,h3-Q050=\":443\"; ma=2592000,h3-Q046=\":443\"; ma=2592000,h3-Q043=\":443\"; ma=2592000,quic=\":443\"; ma=2592000; v=\"46,43\"","accept-ranges":"none","transfer-encoding":"chunked"}
[debug] [2021-01-30T23:07:57.055Z] >>> HTTP REQUEST PUT https://to-the-moon-8383a-default-rtdb.firebaseio.com/.settings/rules.json  
 {
  "rules": {
    ".read": false,
    ".write": false,
    "bets": {
      ".indexOn": "scrape"
    }
  }
}

[debug] [2021-01-30T23:07:57.343Z] <<< HTTP RESPONSE 200 {"server":"nginx","date":"Sat, 30 Jan 2021 23:07:57 GMT","content-type":"application/json; charset=utf-8","content-length":"15","connection":"keep-alive","access-control-allow-origin":"*","cache-control":"no-cache","strict-transport-security":"max-age=31556926; includeSubDomains; preload"}
[info] ✔  database: rules for database to-the-moon-8383a-default-rtdb released successfully 
[info] i  functions: updating Node.js 12 function getTickers(us-central1)... 
[debug] [2021-01-30T23:07:57.349Z] Trigger is:  {"eventTrigger":{"resource":"projects/to-the-moon-8383a/topics/firebase-schedule-getTickers-us-central1","eventType":"google.pubsub.topic.publish","service":"pubsub.googleapis.com"}}
[info] i  functions: updating Node.js 12 function currentTickers(us-central1)... 
[debug] [2021-01-30T23:07:57.350Z] Trigger is:  {"httpsTrigger":{}}
[info] i  scheduler: ensuring required API cloudscheduler.googleapis.com is enabled... 
[info] i  pubsub: ensuring required API pubsub.googleapis.com is enabled... 
[debug] [2021-01-30T23:07:57.351Z] >>> HTTP REQUEST GET https://serviceusage.googleapis.com/v1/projects/to-the-moon-8383a/services/cloudscheduler.googleapis.com  
 
[debug] [2021-01-30T23:07:57.352Z] >>> HTTP REQUEST GET https://serviceusage.googleapis.com/v1/projects/to-the-moon-8383a/services/pubsub.googleapis.com  
 
[debug] [2021-01-30T23:07:58.479Z] <<< HTTP RESPONSE 200 {"content-type":"application/json; charset=UTF-8","vary":"X-Origin, Referer, Origin,Accept-Encoding","date":"Sat, 30 Jan 2021 23:07:58 GMT","server":"ESF","cache-control":"private","x-xss-protection":"0","x-frame-options":"SAMEORIGIN","x-content-type-options":"nosniff","alt-svc":"h3-29=\":443\"; ma=2592000,h3-T051=\":443\"; ma=2592000,h3-Q050=\":443\"; ma=2592000,h3-Q046=\":443\"; ma=2592000,h3-Q043=\":443\"; ma=2592000,quic=\":443\"; ma=2592000; v=\"46,43\"","accept-ranges":"none","transfer-encoding":"chunked"}
[info] ✔  scheduler: required API cloudscheduler.googleapis.com is enabled 
[debug] [2021-01-30T23:07:58.498Z] <<< HTTP RESPONSE 200 {"content-type":"application/json; charset=UTF-8","vary":"X-Origin, Referer, Origin,Accept-Encoding","date":"Sat, 30 Jan 2021 23:07:58 GMT","server":"ESF","cache-control":"private","x-xss-protection":"0","x-frame-options":"SAMEORIGIN","x-content-type-options":"nosniff","alt-svc":"h3-29=\":443\"; ma=2592000,h3-T051=\":443\"; ma=2592000,h3-Q050=\":443\"; ma=2592000,h3-Q046=\":443\"; ma=2592000,h3-Q043=\":443\"; ma=2592000,quic=\":443\"; ma=2592000; v=\"46,43\"","accept-ranges":"none","transfer-encoding":"chunked"}
[info] ✔  pubsub: required API pubsub.googleapis.com is enabled 
[debug] [2021-01-30T23:07:58.499Z] >>> HTTP REQUEST GET https://cloudscheduler.googleapis.com/v1beta1/projects/to-the-moon-8383a/locations/us-central1/jobs/firebase-schedule-getTickers-us-central1  
 
[debug] [2021-01-30T23:07:58.848Z] <<< HTTP RESPONSE 200 {"content-type":"application/json; charset=UTF-8","vary":"X-Origin, Referer, Origin,Accept-Encoding","date":"Sat, 30 Jan 2021 23:07:58 GMT","server":"ESF","cache-control":"private","x-xss-protection":"0","x-frame-options":"SAMEORIGIN","x-content-type-options":"nosniff","alt-svc":"h3-29=\":443\"; ma=2592000,h3-T051=\":443\"; ma=2592000,h3-Q050=\":443\"; ma=2592000,h3-Q046=\":443\"; ma=2592000,h3-Q043=\":443\"; ma=2592000,quic=\":443\"; ma=2592000; v=\"46,43\"","accept-ranges":"none","transfer-encoding":"chunked"}
[info] i  functions: scheduler job firebase-schedule-getTickers-us-central1 is up to date, no changes required 
[debug] [2021-01-30T23:07:58.851Z] >>> HTTP REQUEST PATCH https://cloudfunctions.googleapis.com/v1/projects/to-the-moon-8383a/locations/us-central1/functions/getTickers {"updateMask":"sourceUploadUrl,name,labels,runtime,environmentVariables,eventTrigger.resource,eventTrigger.eventType,eventTrigger.service,eventTrigger.failurePolicy"} 
 {"sourceUploadUrl":"https://storage.googleapis.com/gcf-upload-us-central1-67638f8a-bd22-458d-a0a6-af7548f909de/f9523a85-9b50-427e-9e9f-a9306f8f1341.zip?GoogleAccessId=service-418442269747@gcf-admin-robot.iam.gserviceaccount.com&Expires=1612049875&Signature=Cy3QvhmaAKf12mZWmjwBpw2k2DxndKlk1%2FhsILlMEBw6RirEo%2FjL9kujawQWMq5O4VFKnnJYZ%2FoU5LM5W6s9LAVTJSPNndRGDC%2FYrqReF55Hyuuwu22EYMfRebcyVGlowSgW0EjYZH86vQa8kPL7BhgHEJXeZst6Mjnv4R4nEWYsfmBzxJ9UI7SHtZWfE15stoj0caMe3IovTslMgZvdSPwSyeP55B2ioxwj6C68E7ByOKM5EEyfKXgCKhSwLg4o6TRZy0Ozf7Xmz2CIKTXfpdPk70ehDJPGiwG14XxKM2GKvgWz1pTviGDylbdmV6VLCQbZdf7pNurIvfBx2ySSvg%3D%3D","name":"projects/to-the-moon-8383a/locations/us-central1/functions/getTickers","labels":{"deployment-tool":"cli-firebase","deployment-scheduled":"true"},"eventTrigger":{"resource":"projects/to-the-moon-8383a/topics/firebase-schedule-getTickers-us-central1","eventType":"google.pubsub.topic.publish","service":"pubsub.googleapis.com"},"runtime":"nodejs12","environmentVariables":{"FIREBASE_CONFIG":"{\"projectId\":\"to-the-moon-8383a\",\"databaseURL\":\"https://to-the-moon-8383a-default-rtdb.firebaseio.com\",\"storageBucket\":\"to-the-moon-8383a.appspot.com\"}"}}
[debug] [2021-01-30T23:07:58.853Z] >>> HTTP REQUEST PATCH https://cloudfunctions.googleapis.com/v1/projects/to-the-moon-8383a/locations/us-central1/functions/currentTickers {"updateMask":"sourceUploadUrl,name,labels,runtime,environmentVariables,httpsTrigger"} 
 {"sourceUploadUrl":"https://storage.googleapis.com/gcf-upload-us-central1-67638f8a-bd22-458d-a0a6-af7548f909de/f9523a85-9b50-427e-9e9f-a9306f8f1341.zip?GoogleAccessId=service-418442269747@gcf-admin-robot.iam.gserviceaccount.com&Expires=1612049875&Signature=Cy3QvhmaAKf12mZWmjwBpw2k2DxndKlk1%2FhsILlMEBw6RirEo%2FjL9kujawQWMq5O4VFKnnJYZ%2FoU5LM5W6s9LAVTJSPNndRGDC%2FYrqReF55Hyuuwu22EYMfRebcyVGlowSgW0EjYZH86vQa8kPL7BhgHEJXeZst6Mjnv4R4nEWYsfmBzxJ9UI7SHtZWfE15stoj0caMe3IovTslMgZvdSPwSyeP55B2ioxwj6C68E7ByOKM5EEyfKXgCKhSwLg4o6TRZy0Ozf7Xmz2CIKTXfpdPk70ehDJPGiwG14XxKM2GKvgWz1pTviGDylbdmV6VLCQbZdf7pNurIvfBx2ySSvg%3D%3D","name":"projects/to-the-moon-8383a/locations/us-central1/functions/currentTickers","labels":{"deployment-tool":"cli-firebase"},"httpsTrigger":{},"runtime":"nodejs12","environmentVariables":{"FIREBASE_CONFIG":"{\"projectId\":\"to-the-moon-8383a\",\"databaseURL\":\"https://to-the-moon-8383a-default-rtdb.firebaseio.com\",\"storageBucket\":\"to-the-moon-8383a.appspot.com\"}"}}
[debug] [2021-01-30T23:07:59.280Z] <<< HTTP RESPONSE 200 {"content-type":"application/json; charset=UTF-8","vary":"X-Origin, Referer, Origin,Accept-Encoding","date":"Sat, 30 Jan 2021 23:07:59 GMT","server":"ESF","cache-control":"private","x-xss-protection":"0","x-frame-options":"SAMEORIGIN","x-content-type-options":"nosniff","alt-svc":"h3-29=\":443\"; ma=2592000,h3-T051=\":443\"; ma=2592000,h3-Q050=\":443\"; ma=2592000,h3-Q046=\":443\"; ma=2592000,h3-Q043=\":443\"; ma=2592000,quic=\":443\"; ma=2592000; v=\"46,43\"","accept-ranges":"none","transfer-encoding":"chunked"}
[debug] [2021-01-30T23:07:59.283Z] <<< HTTP RESPONSE 200 {"content-type":"application/json; charset=UTF-8","vary":"X-Origin, Referer, Origin,Accept-Encoding","date":"Sat, 30 Jan 2021 23:07:59 GMT","server":"ESF","cache-control":"private","x-xss-protection":"0","x-frame-options":"SAMEORIGIN","x-content-type-options":"nosniff","alt-svc":"h3-29=\":443\"; ma=2592000,h3-T051=\":443\"; ma=2592000,h3-Q050=\":443\"; ma=2592000,h3-Q046=\":443\"; ma=2592000,h3-Q043=\":443\"; ma=2592000,quic=\":443\"; ma=2592000; v=\"46,43\"","accept-ranges":"none","transfer-encoding":"chunked"}
[debug] [2021-01-30T23:07:59.284Z] >>> HTTP REQUEST GET https://cloudfunctions.googleapis.com/v1/projects/to-the-moon-8383a/locations/-/functions  
 
[debug] [2021-01-30T23:07:59.748Z] <<< HTTP RESPONSE 200 {"content-type":"application/json; charset=UTF-8","vary":"X-Origin, Referer, Origin,Accept-Encoding","date":"Sat, 30 Jan 2021 23:07:59 GMT","server":"ESF","cache-control":"private","x-xss-protection":"0","x-frame-options":"SAMEORIGIN","x-content-type-options":"nosniff","alt-svc":"h3-29=\":443\"; ma=2592000,h3-T051=\":443\"; ma=2592000,h3-Q050=\":443\"; ma=2592000,h3-Q046=\":443\"; ma=2592000,h3-Q043=\":443\"; ma=2592000,quic=\":443\"; ma=2592000; v=\"46,43\"","accept-ranges":"none","transfer-encoding":"chunked"}
[debug] [2021-01-30T23:07:59.750Z] >>> HTTP REQUEST GET https://cloudfunctions.googleapis.com/v1/operations/dG8tdGhlLW1vb24tODM4M2EvdXMtY2VudHJhbDEvZ2V0VGlja2Vycy9yeWxfS25Hd0U5NA  
 
[debug] [2021-01-30T23:07:59.751Z] >>> HTTP REQUEST GET https://cloudfunctions.googleapis.com/v1/operations/dG8tdGhlLW1vb24tODM4M2EvdXMtY2VudHJhbDEvY3VycmVudFRpY2tlcnMva3hMTFBiX09UR0k  
 
[debug] [2021-01-30T23:07:59.988Z] <<< HTTP RESPONSE 200 {"content-type":"application/json; charset=UTF-8","vary":"X-Origin, Referer, Origin,Accept-Encoding","date":"Sat, 30 Jan 2021 23:07:59 GMT","server":"ESF","cache-control":"private","x-xss-protection":"0","x-frame-options":"SAMEORIGIN","x-content-type-options":"nosniff","alt-svc":"h3-29=\":443\"; ma=2592000,h3-T051=\":443\"; ma=2592000,h3-Q050=\":443\"; ma=2592000,h3-Q046=\":443\"; ma=2592000,h3-Q043=\":443\"; ma=2592000,quic=\":443\"; ma=2592000; v=\"46,43\"","accept-ranges":"none","transfer-encoding":"chunked"}
[debug] [2021-01-30T23:07:59.990Z] <<< HTTP RESPONSE 200 {"content-type":"application/json; charset=UTF-8","vary":"X-Origin, Referer, Origin,Accept-Encoding","date":"Sat, 30 Jan 2021 23:07:59 GMT","server":"ESF","cache-control":"private","x-xss-protection":"0","x-frame-options":"SAMEORIGIN","x-content-type-options":"nosniff","alt-svc":"h3-29=\":443\"; ma=2592000,h3-T051=\":443\"; ma=2592000,h3-Q050=\":443\"; ma=2592000,h3-Q046=\":443\"; ma=2592000,h3-Q043=\":443\"; ma=2592000,quic=\":443\"; ma=2592000; v=\"46,43\"","accept-ranges":"none","transfer-encoding":"chunked"}
[debug] [2021-01-30T23:08:01.995Z] >>> HTTP REQUEST GET https://cloudfunctions.googleapis.com/v1/operations/dG8tdGhlLW1vb24tODM4M2EvdXMtY2VudHJhbDEvZ2V0VGlja2Vycy9yeWxfS25Hd0U5NA  
 
[debug] [2021-01-30T23:08:01.995Z] >>> HTTP REQUEST GET https://cloudfunctions.googleapis.com/v1/operations/dG8tdGhlLW1vb24tODM4M2EvdXMtY2VudHJhbDEvY3VycmVudFRpY2tlcnMva3hMTFBiX09UR0k  
 
[debug] [2021-01-30T23:08:02.163Z] <<< HTTP RESPONSE 200 {"content-type":"application/json; charset=UTF-8","vary":"X-Origin, Referer, Origin,Accept-Encoding","date":"Sat, 30 Jan 2021 23:08:02 GMT","server":"ESF","cache-control":"private","x-xss-protection":"0","x-frame-options":"SAMEORIGIN","x-content-type-options":"nosniff","alt-svc":"h3-29=\":443\"; ma=2592000,h3-T051=\":443\"; ma=2592000,h3-Q050=\":443\"; ma=2592000,h3-Q046=\":443\"; ma=2592000,h3-Q043=\":443\"; ma=2592000,quic=\":443\"; ma=2592000; v=\"46,43\"","accept-ranges":"none","transfer-encoding":"chunked"}
[debug] [2021-01-30T23:08:02.170Z] <<< HTTP RESPONSE 200 {"content-type":"application/json; charset=UTF-8","vary":"X-Origin, Referer, Origin,Accept-Encoding","date":"Sat, 30 Jan 2021 23:08:02 GMT","server":"ESF","cache-control":"private","x-xss-protection":"0","x-frame-options":"SAMEORIGIN","x-content-type-options":"nosniff","alt-svc":"h3-29=\":443\"; ma=2592000,h3-T051=\":443\"; ma=2592000,h3-Q050=\":443\"; ma=2592000,h3-Q046=\":443\"; ma=2592000,h3-Q043=\":443\"; ma=2592000,quic=\":443\"; ma=2592000; v=\"46,43\"","accept-ranges":"none","transfer-encoding":"chunked"}
[debug] [2021-01-30T23:08:04.168Z] >>> HTTP REQUEST GET https://cloudfunctions.googleapis.com/v1/operations/dG8tdGhlLW1vb24tODM4M2EvdXMtY2VudHJhbDEvZ2V0VGlja2Vycy9yeWxfS25Hd0U5NA  
 
[debug] [2021-01-30T23:08:04.175Z] >>> HTTP REQUEST GET https://cloudfunctions.googleapis.com/v1/operations/dG8tdGhlLW1vb24tODM4M2EvdXMtY2VudHJhbDEvY3VycmVudFRpY2tlcnMva3hMTFBiX09UR0k  
 
[debug] [2021-01-30T23:08:04.313Z] <<< HTTP RESPONSE 200 {"content-type":"application/json; charset=UTF-8","vary":"X-Origin, Referer, Origin,Accept-Encoding","date":"Sat, 30 Jan 2021 23:08:04 GMT","server":"ESF","cache-control":"private","x-xss-protection":"0","x-frame-options":"SAMEORIGIN","x-content-type-options":"nosniff","alt-svc":"h3-29=\":443\"; ma=2592000,h3-T051=\":443\"; ma=2592000,h3-Q050=\":443\"; ma=2592000,h3-Q046=\":443\"; ma=2592000,h3-Q043=\":443\"; ma=2592000,quic=\":443\"; ma=2592000; v=\"46,43\"","accept-ranges":"none","transfer-encoding":"chunked"}
[debug] [2021-01-30T23:08:04.317Z] <<< HTTP RESPONSE 200 {"content-type":"application/json; charset=UTF-8","vary":"X-Origin, Referer, Origin,Accept-Encoding","date":"Sat, 30 Jan 2021 23:08:04 GMT","server":"ESF","cache-control":"private","x-xss-protection":"0","x-frame-options":"SAMEORIGIN","x-content-type-options":"nosniff","alt-svc":"h3-29=\":443\"; ma=2592000,h3-T051=\":443\"; ma=2592000,h3-Q050=\":443\"; ma=2592000,h3-Q046=\":443\"; ma=2592000,h3-Q043=\":443\"; ma=2592000,quic=\":443\"; ma=2592000; v=\"46,43\"","accept-ranges":"none","transfer-encoding":"chunked"}
[debug] [2021-01-30T23:08:06.318Z] >>> HTTP REQUEST GET https://cloudfunctions.googleapis.com/v1/operations/dG8tdGhlLW1vb24tODM4M2EvdXMtY2VudHJhbDEvY3VycmVudFRpY2tlcnMva3hMTFBiX09UR0k  
 
[debug] [2021-01-30T23:08:06.319Z] >>> HTTP REQUEST GET https://cloudfunctions.googleapis.com/v1/operations/dG8tdGhlLW1vb24tODM4M2EvdXMtY2VudHJhbDEvZ2V0VGlja2Vycy9yeWxfS25Hd0U5NA  
 
[debug] [2021-01-30T23:08:06.473Z] <<< HTTP RESPONSE 200 {"content-type":"application/json; charset=UTF-8","vary":"X-Origin, Referer, Origin,Accept-Encoding","date":"Sat, 30 Jan 2021 23:08:06 GMT","server":"ESF","cache-control":"private","x-xss-protection":"0","x-frame-options":"SAMEORIGIN","x-content-type-options":"nosniff","alt-svc":"h3-29=\":443\"; ma=2592000,h3-T051=\":443\"; ma=2592000,h3-Q050=\":443\"; ma=2592000,h3-Q046=\":443\"; ma=2592000,h3-Q043=\":443\"; ma=2592000,quic=\":443\"; ma=2592000; v=\"46,43\"","accept-ranges":"none","transfer-encoding":"chunked"}
[debug] [2021-01-30T23:08:06.495Z] <<< HTTP RESPONSE 200 {"content-type":"application/json; charset=UTF-8","vary":"X-Origin, Referer, Origin,Accept-Encoding","date":"Sat, 30 Jan 2021 23:08:06 GMT","server":"ESF","cache-control":"private","x-xss-protection":"0","x-frame-options":"SAMEORIGIN","x-content-type-options":"nosniff","alt-svc":"h3-29=\":443\"; ma=2592000,h3-T051=\":443\"; ma=2592000,h3-Q050=\":443\"; ma=2592000,h3-Q046=\":443\"; ma=2592000,h3-Q043=\":443\"; ma=2592000,quic=\":443\"; ma=2592000; v=\"46,43\"","accept-ranges":"none","transfer-encoding":"chunked"}
[debug] [2021-01-30T23:08:08.477Z] >>> HTTP REQUEST GET https://cloudfunctions.googleapis.com/v1/operations/dG8tdGhlLW1vb24tODM4M2EvdXMtY2VudHJhbDEvY3VycmVudFRpY2tlcnMva3hMTFBiX09UR0k  
 
[debug] [2021-01-30T23:08:08.496Z] >>> HTTP REQUEST GET https://cloudfunctions.googleapis.com/v1/operations/dG8tdGhlLW1vb24tODM4M2EvdXMtY2VudHJhbDEvZ2V0VGlja2Vycy9yeWxfS25Hd0U5NA  
 
[debug] [2021-01-30T23:08:08.627Z] <<< HTTP RESPONSE 200 {"content-type":"application/json; charset=UTF-8","vary":"X-Origin, Referer, Origin,Accept-Encoding","date":"Sat, 30 Jan 2021 23:08:08 GMT","server":"ESF","cache-control":"private","x-xss-protection":"0","x-frame-options":"SAMEORIGIN","x-content-type-options":"nosniff","alt-svc":"h3-29=\":443\"; ma=2592000,h3-T051=\":443\"; ma=2592000,h3-Q050=\":443\"; ma=2592000,h3-Q046=\":443\"; ma=2592000,h3-Q043=\":443\"; ma=2592000,quic=\":443\"; ma=2592000; v=\"46,43\"","accept-ranges":"none","transfer-encoding":"chunked"}
[debug] [2021-01-30T23:08:08.637Z] <<< HTTP RESPONSE 200 {"content-type":"application/json; charset=UTF-8","vary":"X-Origin, Referer, Origin,Accept-Encoding","date":"Sat, 30 Jan 2021 23:08:08 GMT","server":"ESF","cache-control":"private","x-xss-protection":"0","x-frame-options":"SAMEORIGIN","x-content-type-options":"nosniff","alt-svc":"h3-29=\":443\"; ma=2592000,h3-T051=\":443\"; ma=2592000,h3-Q050=\":443\"; ma=2592000,h3-Q046=\":443\"; ma=2592000,h3-Q043=\":443\"; ma=2592000,quic=\":443\"; ma=2592000; v=\"46,43\"","accept-ranges":"none","transfer-encoding":"chunked"}
[debug] [2021-01-30T23:08:10.628Z] >>> HTTP REQUEST GET https://cloudfunctions.googleapis.com/v1/operations/dG8tdGhlLW1vb24tODM4M2EvdXMtY2VudHJhbDEvY3VycmVudFRpY2tlcnMva3hMTFBiX09UR0k  
 
[debug] [2021-01-30T23:08:10.638Z] >>> HTTP REQUEST GET https://cloudfunctions.googleapis.com/v1/operations/dG8tdGhlLW1vb24tODM4M2EvdXMtY2VudHJhbDEvZ2V0VGlja2Vycy9yeWxfS25Hd0U5NA  
 
[debug] [2021-01-30T23:08:10.766Z] <<< HTTP RESPONSE 200 {"content-type":"application/json; charset=UTF-8","vary":"X-Origin, Referer, Origin,Accept-Encoding","date":"Sat, 30 Jan 2021 23:08:10 GMT","server":"ESF","cache-control":"private","x-xss-protection":"0","x-frame-options":"SAMEORIGIN","x-content-type-options":"nosniff","alt-svc":"h3-29=\":443\"; ma=2592000,h3-T051=\":443\"; ma=2592000,h3-Q050=\":443\"; ma=2592000,h3-Q046=\":443\"; ma=2592000,h3-Q043=\":443\"; ma=2592000,quic=\":443\"; ma=2592000; v=\"46,43\"","accept-ranges":"none","transfer-encoding":"chunked"}
[debug] [2021-01-30T23:08:10.781Z] <<< HTTP RESPONSE 200 {"content-type":"application/json; charset=UTF-8","vary":"X-Origin, Referer, Origin,Accept-Encoding","date":"Sat, 30 Jan 2021 23:08:10 GMT","server":"ESF","cache-control":"private","x-xss-protection":"0","x-frame-options":"SAMEORIGIN","x-content-type-options":"nosniff","alt-svc":"h3-29=\":443\"; ma=2592000,h3-T051=\":443\"; ma=2592000,h3-Q050=\":443\"; ma=2592000,h3-Q046=\":443\"; ma=2592000,h3-Q043=\":443\"; ma=2592000,quic=\":443\"; ma=2592000; v=\"46,43\"","accept-ranges":"none","transfer-encoding":"chunked"}
[debug] [2021-01-30T23:08:12.772Z] >>> HTTP REQUEST GET https://cloudfunctions.googleapis.com/v1/operations/dG8tdGhlLW1vb24tODM4M2EvdXMtY2VudHJhbDEvY3VycmVudFRpY2tlcnMva3hMTFBiX09UR0k  
 
[debug] [2021-01-30T23:08:12.782Z] >>> HTTP REQUEST GET https://cloudfunctions.googleapis.com/v1/operations/dG8tdGhlLW1vb24tODM4M2EvdXMtY2VudHJhbDEvZ2V0VGlja2Vycy9yeWxfS25Hd0U5NA  
 
[debug] [2021-01-30T23:08:13.417Z] <<< HTTP RESPONSE 200 {"content-type":"application/json; charset=UTF-8","vary":"X-Origin, Referer, Origin,Accept-Encoding","date":"Sat, 30 Jan 2021 23:08:13 GMT","server":"ESF","cache-control":"private","x-xss-protection":"0","x-frame-options":"SAMEORIGIN","x-content-type-options":"nosniff","alt-svc":"h3-29=\":443\"; ma=2592000,h3-T051=\":443\"; ma=2592000,h3-Q050=\":443\"; ma=2592000,h3-Q046=\":443\"; ma=2592000,h3-Q043=\":443\"; ma=2592000,quic=\":443\"; ma=2592000; v=\"46,43\"","accept-ranges":"none","transfer-encoding":"chunked"}
[debug] [2021-01-30T23:08:13.419Z] <<< HTTP RESPONSE 200 {"content-type":"application/json; charset=UTF-8","vary":"X-Origin, Referer, Origin,Accept-Encoding","date":"Sat, 30 Jan 2021 23:08:13 GMT","server":"ESF","cache-control":"private","x-xss-protection":"0","x-frame-options":"SAMEORIGIN","x-content-type-options":"nosniff","alt-svc":"h3-29=\":443\"; ma=2592000,h3-T051=\":443\"; ma=2592000,h3-Q050=\":443\"; ma=2592000,h3-Q046=\":443\"; ma=2592000,h3-Q043=\":443\"; ma=2592000,quic=\":443\"; ma=2592000; v=\"46,43\"","accept-ranges":"none","transfer-encoding":"chunked"}
[debug] [2021-01-30T23:08:15.420Z] >>> HTTP REQUEST GET https://cloudfunctions.googleapis.com/v1/operations/dG8tdGhlLW1vb24tODM4M2EvdXMtY2VudHJhbDEvY3VycmVudFRpY2tlcnMva3hMTFBiX09UR0k  
 
[debug] [2021-01-30T23:08:15.422Z] >>> HTTP REQUEST GET https://cloudfunctions.googleapis.com/v1/operations/dG8tdGhlLW1vb24tODM4M2EvdXMtY2VudHJhbDEvZ2V0VGlja2Vycy9yeWxfS25Hd0U5NA  
 
[debug] [2021-01-30T23:08:15.574Z] <<< HTTP RESPONSE 200 {"content-type":"application/json; charset=UTF-8","vary":"X-Origin, Referer, Origin,Accept-Encoding","date":"Sat, 30 Jan 2021 23:08:15 GMT","server":"ESF","cache-control":"private","x-xss-protection":"0","x-frame-options":"SAMEORIGIN","x-content-type-options":"nosniff","alt-svc":"h3-29=\":443\"; ma=2592000,h3-T051=\":443\"; ma=2592000,h3-Q050=\":443\"; ma=2592000,h3-Q046=\":443\"; ma=2592000,h3-Q043=\":443\"; ma=2592000,quic=\":443\"; ma=2592000; v=\"46,43\"","accept-ranges":"none","transfer-encoding":"chunked"}
[debug] [2021-01-30T23:08:15.585Z] <<< HTTP RESPONSE 200 {"content-type":"application/json; charset=UTF-8","vary":"X-Origin, Referer, Origin,Accept-Encoding","date":"Sat, 30 Jan 2021 23:08:15 GMT","server":"ESF","cache-control":"private","x-xss-protection":"0","x-frame-options":"SAMEORIGIN","x-content-type-options":"nosniff","alt-svc":"h3-29=\":443\"; ma=2592000,h3-T051=\":443\"; ma=2592000,h3-Q050=\":443\"; ma=2592000,h3-Q046=\":443\"; ma=2592000,h3-Q043=\":443\"; ma=2592000,quic=\":443\"; ma=2592000; v=\"46,43\"","accept-ranges":"none","transfer-encoding":"chunked"}
[debug] [2021-01-30T23:08:17.578Z] >>> HTTP REQUEST GET https://cloudfunctions.googleapis.com/v1/operations/dG8tdGhlLW1vb24tODM4M2EvdXMtY2VudHJhbDEvY3VycmVudFRpY2tlcnMva3hMTFBiX09UR0k  
 
[debug] [2021-01-30T23:08:17.587Z] >>> HTTP REQUEST GET https://cloudfunctions.googleapis.com/v1/operations/dG8tdGhlLW1vb24tODM4M2EvdXMtY2VudHJhbDEvZ2V0VGlja2Vycy9yeWxfS25Hd0U5NA  
 
[debug] [2021-01-30T23:08:17.713Z] <<< HTTP RESPONSE 200 {"content-type":"application/json; charset=UTF-8","vary":"X-Origin, Referer, Origin,Accept-Encoding","date":"Sat, 30 Jan 2021 23:08:17 GMT","server":"ESF","cache-control":"private","x-xss-protection":"0","x-frame-options":"SAMEORIGIN","x-content-type-options":"nosniff","alt-svc":"h3-29=\":443\"; ma=2592000,h3-T051=\":443\"; ma=2592000,h3-Q050=\":443\"; ma=2592000,h3-Q046=\":443\"; ma=2592000,h3-Q043=\":443\"; ma=2592000,quic=\":443\"; ma=2592000; v=\"46,43\"","accept-ranges":"none","transfer-encoding":"chunked"}
[debug] [2021-01-30T23:08:17.747Z] <<< HTTP RESPONSE 200 {"content-type":"application/json; charset=UTF-8","vary":"X-Origin, Referer, Origin,Accept-Encoding","date":"Sat, 30 Jan 2021 23:08:17 GMT","server":"ESF","cache-control":"private","x-xss-protection":"0","x-frame-options":"SAMEORIGIN","x-content-type-options":"nosniff","alt-svc":"h3-29=\":443\"; ma=2592000,h3-T051=\":443\"; ma=2592000,h3-Q050=\":443\"; ma=2592000,h3-Q046=\":443\"; ma=2592000,h3-Q043=\":443\"; ma=2592000,quic=\":443\"; ma=2592000; v=\"46,43\"","accept-ranges":"none","transfer-encoding":"chunked"}
[debug] [2021-01-30T23:08:19.716Z] >>> HTTP REQUEST GET https://cloudfunctions.googleapis.com/v1/operations/dG8tdGhlLW1vb24tODM4M2EvdXMtY2VudHJhbDEvY3VycmVudFRpY2tlcnMva3hMTFBiX09UR0k  
 
[debug] [2021-01-30T23:08:19.748Z] >>> HTTP REQUEST GET https://cloudfunctions.googleapis.com/v1/operations/dG8tdGhlLW1vb24tODM4M2EvdXMtY2VudHJhbDEvZ2V0VGlja2Vycy9yeWxfS25Hd0U5NA  
 
[debug] [2021-01-30T23:08:19.874Z] <<< HTTP RESPONSE 200 {"content-type":"application/json; charset=UTF-8","vary":"X-Origin, Referer, Origin,Accept-Encoding","date":"Sat, 30 Jan 2021 23:08:19 GMT","server":"ESF","cache-control":"private","x-xss-protection":"0","x-frame-options":"SAMEORIGIN","x-content-type-options":"nosniff","alt-svc":"h3-29=\":443\"; ma=2592000,h3-T051=\":443\"; ma=2592000,h3-Q050=\":443\"; ma=2592000,h3-Q046=\":443\"; ma=2592000,h3-Q043=\":443\"; ma=2592000,quic=\":443\"; ma=2592000; v=\"46,43\"","accept-ranges":"none","transfer-encoding":"chunked"}
[debug] [2021-01-30T23:08:19.927Z] <<< HTTP RESPONSE 200 {"content-type":"application/json; charset=UTF-8","vary":"X-Origin, Referer, Origin,Accept-Encoding","date":"Sat, 30 Jan 2021 23:08:19 GMT","server":"ESF","cache-control":"private","x-xss-protection":"0","x-frame-options":"SAMEORIGIN","x-content-type-options":"nosniff","alt-svc":"h3-29=\":443\"; ma=2592000,h3-T051=\":443\"; ma=2592000,h3-Q050=\":443\"; ma=2592000,h3-Q046=\":443\"; ma=2592000,h3-Q043=\":443\"; ma=2592000,quic=\":443\"; ma=2592000; v=\"46,43\"","accept-ranges":"none","transfer-encoding":"chunked"}
[debug] [2021-01-30T23:08:21.883Z] >>> HTTP REQUEST GET https://cloudfunctions.googleapis.com/v1/operations/dG8tdGhlLW1vb24tODM4M2EvdXMtY2VudHJhbDEvY3VycmVudFRpY2tlcnMva3hMTFBiX09UR0k  
 
[debug] [2021-01-30T23:08:21.928Z] >>> HTTP REQUEST GET https://cloudfunctions.googleapis.com/v1/operations/dG8tdGhlLW1vb24tODM4M2EvdXMtY2VudHJhbDEvZ2V0VGlja2Vycy9yeWxfS25Hd0U5NA  
 
[debug] [2021-01-30T23:08:22.031Z] <<< HTTP RESPONSE 200 {"content-type":"application/json; charset=UTF-8","vary":"X-Origin, Referer, Origin,Accept-Encoding","date":"Sat, 30 Jan 2021 23:08:22 GMT","server":"ESF","cache-control":"private","x-xss-protection":"0","x-frame-options":"SAMEORIGIN","x-content-type-options":"nosniff","alt-svc":"h3-29=\":443\"; ma=2592000,h3-T051=\":443\"; ma=2592000,h3-Q050=\":443\"; ma=2592000,h3-Q046=\":443\"; ma=2592000,h3-Q043=\":443\"; ma=2592000,quic=\":443\"; ma=2592000; v=\"46,43\"","accept-ranges":"none","transfer-encoding":"chunked"}
[debug] [2021-01-30T23:08:22.072Z] <<< HTTP RESPONSE 200 {"content-type":"application/json; charset=UTF-8","vary":"X-Origin, Referer, Origin,Accept-Encoding","date":"Sat, 30 Jan 2021 23:08:22 GMT","server":"ESF","cache-control":"private","x-xss-protection":"0","x-frame-options":"SAMEORIGIN","x-content-type-options":"nosniff","alt-svc":"h3-29=\":443\"; ma=2592000,h3-T051=\":443\"; ma=2592000,h3-Q050=\":443\"; ma=2592000,h3-Q046=\":443\"; ma=2592000,h3-Q043=\":443\"; ma=2592000,quic=\":443\"; ma=2592000; v=\"46,43\"","accept-ranges":"none","transfer-encoding":"chunked"}
[debug] [2021-01-30T23:08:24.033Z] >>> HTTP REQUEST GET https://cloudfunctions.googleapis.com/v1/operations/dG8tdGhlLW1vb24tODM4M2EvdXMtY2VudHJhbDEvY3VycmVudFRpY2tlcnMva3hMTFBiX09UR0k  
 
[debug] [2021-01-30T23:08:24.076Z] >>> HTTP REQUEST GET https://cloudfunctions.googleapis.com/v1/operations/dG8tdGhlLW1vb24tODM4M2EvdXMtY2VudHJhbDEvZ2V0VGlja2Vycy9yeWxfS25Hd0U5NA  
 
[debug] [2021-01-30T23:08:24.187Z] <<< HTTP RESPONSE 200 {"content-type":"application/json; charset=UTF-8","vary":"X-Origin, Referer, Origin,Accept-Encoding","date":"Sat, 30 Jan 2021 23:08:24 GMT","server":"ESF","cache-control":"private","x-xss-protection":"0","x-frame-options":"SAMEORIGIN","x-content-type-options":"nosniff","alt-svc":"h3-29=\":443\"; ma=2592000,h3-T051=\":443\"; ma=2592000,h3-Q050=\":443\"; ma=2592000,h3-Q046=\":443\"; ma=2592000,h3-Q043=\":443\"; ma=2592000,quic=\":443\"; ma=2592000; v=\"46,43\"","accept-ranges":"none","transfer-encoding":"chunked"}
[debug] [2021-01-30T23:08:24.298Z] <<< HTTP RESPONSE 200 {"content-type":"application/json; charset=UTF-8","vary":"X-Origin, Referer, Origin,Accept-Encoding","date":"Sat, 30 Jan 2021 23:08:24 GMT","server":"ESF","cache-control":"private","x-xss-protection":"0","x-frame-options":"SAMEORIGIN","x-content-type-options":"nosniff","alt-svc":"h3-29=\":443\"; ma=2592000,h3-T051=\":443\"; ma=2592000,h3-Q050=\":443\"; ma=2592000,h3-Q046=\":443\"; ma=2592000,h3-Q043=\":443\"; ma=2592000,quic=\":443\"; ma=2592000; v=\"46,43\"","accept-ranges":"none","transfer-encoding":"chunked"}
[debug] [2021-01-30T23:08:26.192Z] >>> HTTP REQUEST GET https://cloudfunctions.googleapis.com/v1/operations/dG8tdGhlLW1vb24tODM4M2EvdXMtY2VudHJhbDEvY3VycmVudFRpY2tlcnMva3hMTFBiX09UR0k  
 
[debug] [2021-01-30T23:08:26.301Z] >>> HTTP REQUEST GET https://cloudfunctions.googleapis.com/v1/operations/dG8tdGhlLW1vb24tODM4M2EvdXMtY2VudHJhbDEvZ2V0VGlja2Vycy9yeWxfS25Hd0U5NA  
 
[debug] [2021-01-30T23:08:26.524Z] <<< HTTP RESPONSE 200 {"content-type":"application/json; charset=UTF-8","vary":"X-Origin, Referer, Origin,Accept-Encoding","date":"Sat, 30 Jan 2021 23:08:26 GMT","server":"ESF","cache-control":"private","x-xss-protection":"0","x-frame-options":"SAMEORIGIN","x-content-type-options":"nosniff","alt-svc":"h3-29=\":443\"; ma=2592000,h3-T051=\":443\"; ma=2592000,h3-Q050=\":443\"; ma=2592000,h3-Q046=\":443\"; ma=2592000,h3-Q043=\":443\"; ma=2592000,quic=\":443\"; ma=2592000; v=\"46,43\"","accept-ranges":"none","transfer-encoding":"chunked"}
[debug] [2021-01-30T23:08:26.556Z] <<< HTTP RESPONSE 200 {"content-type":"application/json; charset=UTF-8","vary":"X-Origin, Referer, Origin,Accept-Encoding","date":"Sat, 30 Jan 2021 23:08:26 GMT","server":"ESF","cache-control":"private","x-xss-protection":"0","x-frame-options":"SAMEORIGIN","x-content-type-options":"nosniff","alt-svc":"h3-29=\":443\"; ma=2592000,h3-T051=\":443\"; ma=2592000,h3-Q050=\":443\"; ma=2592000,h3-Q046=\":443\"; ma=2592000,h3-Q043=\":443\"; ma=2592000,quic=\":443\"; ma=2592000; v=\"46,43\"","accept-ranges":"none","transfer-encoding":"chunked"}
[debug] [2021-01-30T23:08:28.527Z] >>> HTTP REQUEST GET https://cloudfunctions.googleapis.com/v1/operations/dG8tdGhlLW1vb24tODM4M2EvdXMtY2VudHJhbDEvY3VycmVudFRpY2tlcnMva3hMTFBiX09UR0k  
 
[debug] [2021-01-30T23:08:28.557Z] >>> HTTP REQUEST GET https://cloudfunctions.googleapis.com/v1/operations/dG8tdGhlLW1vb24tODM4M2EvdXMtY2VudHJhbDEvZ2V0VGlja2Vycy9yeWxfS25Hd0U5NA  
 
[debug] [2021-01-30T23:08:28.667Z] <<< HTTP RESPONSE 200 {"content-type":"application/json; charset=UTF-8","vary":"X-Origin, Referer, Origin,Accept-Encoding","date":"Sat, 30 Jan 2021 23:08:28 GMT","server":"ESF","cache-control":"private","x-xss-protection":"0","x-frame-options":"SAMEORIGIN","x-content-type-options":"nosniff","alt-svc":"h3-29=\":443\"; ma=2592000,h3-T051=\":443\"; ma=2592000,h3-Q050=\":443\"; ma=2592000,h3-Q046=\":443\"; ma=2592000,h3-Q043=\":443\"; ma=2592000,quic=\":443\"; ma=2592000; v=\"46,43\"","accept-ranges":"none","transfer-encoding":"chunked"}
[debug] [2021-01-30T23:08:28.695Z] <<< HTTP RESPONSE 200 {"content-type":"application/json; charset=UTF-8","vary":"X-Origin, Referer, Origin,Accept-Encoding","date":"Sat, 30 Jan 2021 23:08:28 GMT","server":"ESF","cache-control":"private","x-xss-protection":"0","x-frame-options":"SAMEORIGIN","x-content-type-options":"nosniff","alt-svc":"h3-29=\":443\"; ma=2592000,h3-T051=\":443\"; ma=2592000,h3-Q050=\":443\"; ma=2592000,h3-Q046=\":443\"; ma=2592000,h3-Q043=\":443\"; ma=2592000,quic=\":443\"; ma=2592000; v=\"46,43\"","accept-ranges":"none","transfer-encoding":"chunked"}
[debug] [2021-01-30T23:08:30.672Z] >>> HTTP REQUEST GET https://cloudfunctions.googleapis.com/v1/operations/dG8tdGhlLW1vb24tODM4M2EvdXMtY2VudHJhbDEvY3VycmVudFRpY2tlcnMva3hMTFBiX09UR0k  
 
[debug] [2021-01-30T23:08:30.698Z] >>> HTTP REQUEST GET https://cloudfunctions.googleapis.com/v1/operations/dG8tdGhlLW1vb24tODM4M2EvdXMtY2VudHJhbDEvZ2V0VGlja2Vycy9yeWxfS25Hd0U5NA  
 
[debug] [2021-01-30T23:08:30.812Z] <<< HTTP RESPONSE 200 {"content-type":"application/json; charset=UTF-8","vary":"X-Origin, Referer, Origin,Accept-Encoding","date":"Sat, 30 Jan 2021 23:08:30 GMT","server":"ESF","cache-control":"private","x-xss-protection":"0","x-frame-options":"SAMEORIGIN","x-content-type-options":"nosniff","alt-svc":"h3-29=\":443\"; ma=2592000,h3-T051=\":443\"; ma=2592000,h3-Q050=\":443\"; ma=2592000,h3-Q046=\":443\"; ma=2592000,h3-Q043=\":443\"; ma=2592000,quic=\":443\"; ma=2592000; v=\"46,43\"","accept-ranges":"none","transfer-encoding":"chunked"}
[debug] [2021-01-30T23:08:30.848Z] <<< HTTP RESPONSE 200 {"content-type":"application/json; charset=UTF-8","vary":"X-Origin, Referer, Origin,Accept-Encoding","date":"Sat, 30 Jan 2021 23:08:30 GMT","server":"ESF","cache-control":"private","x-xss-protection":"0","x-frame-options":"SAMEORIGIN","x-content-type-options":"nosniff","alt-svc":"h3-29=\":443\"; ma=2592000,h3-T051=\":443\"; ma=2592000,h3-Q050=\":443\"; ma=2592000,h3-Q046=\":443\"; ma=2592000,h3-Q043=\":443\"; ma=2592000,quic=\":443\"; ma=2592000; v=\"46,43\"","accept-ranges":"none","transfer-encoding":"chunked"}
[debug] [2021-01-30T23:08:32.815Z] >>> HTTP REQUEST GET https://cloudfunctions.googleapis.com/v1/operations/dG8tdGhlLW1vb24tODM4M2EvdXMtY2VudHJhbDEvY3VycmVudFRpY2tlcnMva3hMTFBiX09UR0k  
 
[debug] [2021-01-30T23:08:32.851Z] >>> HTTP REQUEST GET https://cloudfunctions.googleapis.com/v1/operations/dG8tdGhlLW1vb24tODM4M2EvdXMtY2VudHJhbDEvZ2V0VGlja2Vycy9yeWxfS25Hd0U5NA  
 
[debug] [2021-01-30T23:08:32.963Z] <<< HTTP RESPONSE 200 {"content-type":"application/json; charset=UTF-8","vary":"X-Origin, Referer, Origin,Accept-Encoding","date":"Sat, 30 Jan 2021 23:08:32 GMT","server":"ESF","cache-control":"private","x-xss-protection":"0","x-frame-options":"SAMEORIGIN","x-content-type-options":"nosniff","alt-svc":"h3-29=\":443\"; ma=2592000,h3-T051=\":443\"; ma=2592000,h3-Q050=\":443\"; ma=2592000,h3-Q046=\":443\"; ma=2592000,h3-Q043=\":443\"; ma=2592000,quic=\":443\"; ma=2592000; v=\"46,43\"","accept-ranges":"none","transfer-encoding":"chunked"}
[debug] [2021-01-30T23:08:32.996Z] <<< HTTP RESPONSE 200 {"content-type":"application/json; charset=UTF-8","vary":"X-Origin, Referer, Origin,Accept-Encoding","date":"Sat, 30 Jan 2021 23:08:32 GMT","server":"ESF","cache-control":"private","x-xss-protection":"0","x-frame-options":"SAMEORIGIN","x-content-type-options":"nosniff","alt-svc":"h3-29=\":443\"; ma=2592000,h3-T051=\":443\"; ma=2592000,h3-Q050=\":443\"; ma=2592000,h3-Q046=\":443\"; ma=2592000,h3-Q043=\":443\"; ma=2592000,quic=\":443\"; ma=2592000; v=\"46,43\"","accept-ranges":"none","transfer-encoding":"chunked"}
[debug] [2021-01-30T23:08:34.964Z] >>> HTTP REQUEST GET https://cloudfunctions.googleapis.com/v1/operations/dG8tdGhlLW1vb24tODM4M2EvdXMtY2VudHJhbDEvY3VycmVudFRpY2tlcnMva3hMTFBiX09UR0k  
 
[debug] [2021-01-30T23:08:34.998Z] >>> HTTP REQUEST GET https://cloudfunctions.googleapis.com/v1/operations/dG8tdGhlLW1vb24tODM4M2EvdXMtY2VudHJhbDEvZ2V0VGlja2Vycy9yeWxfS25Hd0U5NA  
 
[debug] [2021-01-30T23:08:35.107Z] <<< HTTP RESPONSE 200 {"content-type":"application/json; charset=UTF-8","vary":"X-Origin, Referer, Origin,Accept-Encoding","date":"Sat, 30 Jan 2021 23:08:35 GMT","server":"ESF","cache-control":"private","x-xss-protection":"0","x-frame-options":"SAMEORIGIN","x-content-type-options":"nosniff","alt-svc":"h3-29=\":443\"; ma=2592000,h3-T051=\":443\"; ma=2592000,h3-Q050=\":443\"; ma=2592000,h3-Q046=\":443\"; ma=2592000,h3-Q043=\":443\"; ma=2592000,quic=\":443\"; ma=2592000; v=\"46,43\"","accept-ranges":"none","transfer-encoding":"chunked"}
[debug] [2021-01-30T23:08:35.146Z] <<< HTTP RESPONSE 200 {"content-type":"application/json; charset=UTF-8","vary":"X-Origin, Referer, Origin,Accept-Encoding","date":"Sat, 30 Jan 2021 23:08:35 GMT","server":"ESF","cache-control":"private","x-xss-protection":"0","x-frame-options":"SAMEORIGIN","x-content-type-options":"nosniff","alt-svc":"h3-29=\":443\"; ma=2592000,h3-T051=\":443\"; ma=2592000,h3-Q050=\":443\"; ma=2592000,h3-Q046=\":443\"; ma=2592000,h3-Q043=\":443\"; ma=2592000,quic=\":443\"; ma=2592000; v=\"46,43\"","accept-ranges":"none","transfer-encoding":"chunked"}
[debug] [2021-01-30T23:08:37.112Z] >>> HTTP REQUEST GET https://cloudfunctions.googleapis.com/v1/operations/dG8tdGhlLW1vb24tODM4M2EvdXMtY2VudHJhbDEvY3VycmVudFRpY2tlcnMva3hMTFBiX09UR0k  
 
[debug] [2021-01-30T23:08:37.148Z] >>> HTTP REQUEST GET https://cloudfunctions.googleapis.com/v1/operations/dG8tdGhlLW1vb24tODM4M2EvdXMtY2VudHJhbDEvZ2V0VGlja2Vycy9yeWxfS25Hd0U5NA  
 
[debug] [2021-01-30T23:08:37.253Z] <<< HTTP RESPONSE 200 {"content-type":"application/json; charset=UTF-8","vary":"X-Origin, Referer, Origin,Accept-Encoding","date":"Sat, 30 Jan 2021 23:08:37 GMT","server":"ESF","cache-control":"private","x-xss-protection":"0","x-frame-options":"SAMEORIGIN","x-content-type-options":"nosniff","alt-svc":"h3-29=\":443\"; ma=2592000,h3-T051=\":443\"; ma=2592000,h3-Q050=\":443\"; ma=2592000,h3-Q046=\":443\"; ma=2592000,h3-Q043=\":443\"; ma=2592000,quic=\":443\"; ma=2592000; v=\"46,43\"","accept-ranges":"none","transfer-encoding":"chunked"}
[debug] [2021-01-30T23:08:37.282Z] <<< HTTP RESPONSE 200 {"content-type":"application/json; charset=UTF-8","vary":"X-Origin, Referer, Origin,Accept-Encoding","date":"Sat, 30 Jan 2021 23:08:37 GMT","server":"ESF","cache-control":"private","x-xss-protection":"0","x-frame-options":"SAMEORIGIN","x-content-type-options":"nosniff","alt-svc":"h3-29=\":443\"; ma=2592000,h3-T051=\":443\"; ma=2592000,h3-Q050=\":443\"; ma=2592000,h3-Q046=\":443\"; ma=2592000,h3-Q043=\":443\"; ma=2592000,quic=\":443\"; ma=2592000; v=\"46,43\"","accept-ranges":"none","transfer-encoding":"chunked"}
[debug] [2021-01-30T23:08:39.257Z] >>> HTTP REQUEST GET https://cloudfunctions.googleapis.com/v1/operations/dG8tdGhlLW1vb24tODM4M2EvdXMtY2VudHJhbDEvY3VycmVudFRpY2tlcnMva3hMTFBiX09UR0k  
 
[debug] [2021-01-30T23:08:39.284Z] >>> HTTP REQUEST GET https://cloudfunctions.googleapis.com/v1/operations/dG8tdGhlLW1vb24tODM4M2EvdXMtY2VudHJhbDEvZ2V0VGlja2Vycy9yeWxfS25Hd0U5NA  
 
